2023-03-16 14:25:50,696 [Worker-2: Loading available Gradle versions] INFO  o.e.b.c.i.u.g.PublishedGradleVersions - Gradle version information cache is up-to-date. Trying to read.
2023-03-16 15:35:54,313 [Worker-4: Loading available Gradle versions] INFO  o.e.b.c.i.u.g.PublishedGradleVersions - Gradle version information cache is up-to-date. Trying to read.
2023-03-16 15:37:33,825 [Worker-2: Loading available Gradle versions] INFO  o.e.b.c.i.u.g.PublishedGradleVersions - Gradle version information cache is up-to-date. Trying to read.
2023-03-16 15:38:33,360 [Worker-9: Building] INFO  o.e.m.c.i.l.LifecycleMappingFactory - Using org.eclipse.m2e.jdt.JarLifecycleMapping lifecycle mapping for MavenProject: com.einfo:demospringmongo:0.0.1-SNAPSHOT @ C:\Users\158344\Downloads\demospringmongo (2)\demospringmongo\demospringmongo\pom.xml.
2023-03-16 15:38:40,217 [Worker-9: Building] INFO  o.a.m.s.f.DefaultMavenResourcesFiltering - Copying 1 resource
2023-03-16 15:38:40,277 [Worker-9: Building] INFO  o.a.m.s.f.DefaultMavenResourcesFiltering - Copying 0 resource
2023-03-16 15:38:40,282 [Worker-9: Building] INFO  o.a.m.s.f.DefaultMavenResourcesFiltering - skip non existing resourceDirectory C:\Users\158344\Downloads\demospringmongo (2)\demospringmongo\demospringmongo\src\test\resources
2023-03-16 15:38:41,354 [Worker-2: Updating Maven Dependencies] INFO  o.e.m.c.i.l.LifecycleMappingFactory - Using org.eclipse.m2e.jdt.JarLifecycleMapping lifecycle mapping for MavenProject: com.einfo:demospringmongo:0.0.1-SNAPSHOT @ C:\Users\158344\Downloads\demospringmongo (2)\demospringmongo\demospringmongo\pom.xml.
2023-03-16 15:38:43,366 [Worker-2: Building] INFO  o.a.m.s.f.DefaultMavenResourcesFiltering - Copying 1 resource
2023-03-16 15:38:43,373 [Worker-2: Building] INFO  o.a.m.s.f.DefaultMavenResourcesFiltering - Copying 0 resource
2023-03-16 15:38:43,376 [Worker-2: Building] INFO  o.a.m.s.f.DefaultMavenResourcesFiltering - skip non existing resourceDirectory C:\Users\158344\Downloads\demospringmongo (2)\demospringmongo\demospringmongo\src\test\resources
2023-03-16 15:54:55,082 [Worker-12: Launching demospringmongo_demospringmongo - DemospringmongoApplication] INFO  o.a.m.s.f.DefaultMavenResourcesFiltering - Copying 1 resource
2023-03-16 15:54:55,133 [Worker-12: Launching demospringmongo_demospringmongo - DemospringmongoApplication] INFO  o.a.m.s.f.DefaultMavenResourcesFiltering - Copying 0 resource
2023-03-16 15:54:55,137 [Worker-12: Launching demospringmongo_demospringmongo - DemospringmongoApplication] INFO  o.a.m.s.f.DefaultMavenResourcesFiltering - skip non existing resourceDirectory C:\Users\158344\Downloads\demospringmongo (2)\demospringmongo\demospringmongo\src\test\resources
2023-03-16 23:34:42,107 [Worker-37: Building] INFO  o.a.m.s.f.DefaultMavenResourcesFiltering - Copying 1 resource
2023-03-16 23:34:42,190 [Worker-37: Building] INFO  o.a.m.s.f.DefaultMavenResourcesFiltering - Copying 0 resource
2023-03-16 23:34:42,192 [Worker-37: Building] INFO  o.a.m.s.f.DefaultMavenResourcesFiltering - skip non existing resourceDirectory C:\Users\158344\Downloads\demospringmongo (2)\demospringmongo\demospringmongo\src\test\resources
2023-03-16 23:34:47,926 [Worker-35: Building] INFO  o.a.m.s.f.DefaultMavenResourcesFiltering - Copying 1 resource
2023-03-16 23:34:47,982 [Worker-35: Building] INFO  o.a.m.s.f.DefaultMavenResourcesFiltering - Copying 0 resource
2023-03-16 23:34:47,984 [Worker-35: Building] INFO  o.a.m.s.f.DefaultMavenResourcesFiltering - skip non existing resourceDirectory C:\Users\158344\Downloads\demospringmongo (2)\demospringmongo\demospringmongo\src\test\resources
2023-03-24 12:34:03,001 [Worker-0: Loading available Gradle versions] INFO  o.e.b.c.i.u.g.PublishedGradleVersions - Gradle version information cache is up-to-date. Trying to read.
